2023-01-04 18:03:00 ERROR    Env running in port 2021
2023-01-04 18:03:00 INFO     connecting to Carla server...
2023-01-04 18:05:00 ERROR    Env running in port 2021
2023-01-04 18:05:00 INFO     connecting to Carla server...
2023-01-04 18:07:05 ERROR    Env running in port 2021
2023-01-04 18:07:05 INFO     connecting to Carla server...
2023-01-04 18:10:58 ERROR    Env running in port 2021
2023-01-04 18:10:58 INFO     connecting to Carla server...
2023-01-04 18:11:16 ERROR    Env running in port 2021
2023-01-04 18:11:16 INFO     connecting to Carla server...
2023-01-04 18:11:21 INFO     Carla server port 2021 connected!
2023-01-04 18:12:08 ERROR    Env running in port 2021
2023-01-04 18:12:08 INFO     connecting to Carla server...
2023-01-04 18:12:12 INFO     Carla server port 2021 connected!
2023-01-04 18:12:42 ERROR    Env running in port 2021
2023-01-04 18:12:42 INFO     connecting to Carla server...
2023-01-04 18:12:46 INFO     Carla server port 2021 connected!
2023-01-04 18:15:17 ERROR    Env running in port 2021
2023-01-04 18:15:17 INFO     connecting to Carla server...
2023-01-04 18:15:21 INFO     Carla server port 2021 connected!
2023-01-04 18:15:30 DEBUG    Right Lane invasion! Episode cost 58 steps in route 0.
2023-01-04 18:15:40 DEBUG    Right Lane invasion! Episode cost 58 steps in route 1.
2023-01-04 18:15:49 DEBUG    Right Lane invasion! Episode cost 58 steps in route 2.
2023-01-04 18:15:58 DEBUG    Right Lane invasion! Episode cost 58 steps in route 3.
2023-01-04 18:16:16 ERROR    Env running in port 2021
2023-01-04 18:16:16 INFO     connecting to Carla server...
2023-01-04 18:16:20 INFO     Carla server port 2021 connected!
2023-01-04 18:20:15 ERROR    Env running in port 2021
2023-01-04 18:20:15 INFO     connecting to Carla server...
2023-01-04 18:20:18 INFO     Carla server port 2021 connected!
2023-01-04 18:21:15 DEBUG    Time out! Episode cost 500 steps in route 0.
2023-01-04 18:21:54 ERROR    Env running in port 2021
2023-01-04 18:21:54 INFO     connecting to Carla server...
2023-01-04 18:21:57 INFO     Carla server port 2021 connected!
2023-01-04 18:22:07 DEBUG    Right Lane invasion! Episode cost 65 steps in route 0.
2023-01-04 18:22:18 DEBUG    Right Lane invasion! Episode cost 65 steps in route 1.
2023-01-04 18:22:28 DEBUG    Right Lane invasion! Episode cost 65 steps in route 2.
2023-01-04 19:59:29 ERROR    Env running in port 2021
2023-01-04 19:59:29 INFO     connecting to Carla server...
2023-01-04 19:59:33 INFO     Carla server port 2021 connected!
2023-01-04 19:59:46 DEBUG    Left Lane invasion! Episode cost 72 steps in route 0.
2023-01-04 19:59:57 DEBUG    Left Lane invasion! Episode cost 72 steps in route 1.
2023-01-04 20:01:37 ERROR    Env running in port 2021
2023-01-04 20:01:37 INFO     connecting to Carla server...
2023-01-04 20:01:40 INFO     Carla server port 2021 connected!
